<?xml version="1.0" encoding="UTF-8"?>
<testng-results ignored="0" total="1" passed="0" failed="1" skipped="0">
  <reporter-output>
  </reporter-output>
  <suite started-at="2023-01-07T21:52:17 GMT" name="Default suite" finished-at="2023-01-07T21:52:26 GMT" duration-ms="9069">
    <groups>
      <group name="cucumber">
        <method signature="AbstractTestNGCucumberTests.runScenario(io.cucumber.testng.PickleWrapper,io.cucumber.testng.FeatureWrapper)[pri:0, instance:Runner.TestRunner@18271936]" name="runScenario" class="io.cucumber.testng.AbstractTestNGCucumberTests"/>
      </group> <!-- cucumber -->
    </groups>
    <test started-at="2023-01-07T21:52:17 GMT" name="Default test" finished-at="2023-01-07T21:52:26 GMT" duration-ms="9069">
      <class name="Runner.TestRunner">
        <test-method is-config="true" signature="setUpClass(org.testng.ITestContext)[pri:0, instance:Runner.TestRunner@18271936]" started-at="2023-01-07T21:52:17 GMT" name="setUpClass" finished-at="2023-01-07T21:52:18 GMT" duration-ms="787" status="PASS">
          <params>
            <param index="0">
              <value>
                <![CDATA[org.testng.TestRunner@707e4fe4]]>
              </value>
            </param>
          </params>
          <reporter-output>
          </reporter-output>
        </test-method> <!-- setUpClass -->
        <test-method signature="runScenario(io.cucumber.testng.PickleWrapper,io.cucumber.testng.FeatureWrapper)[pri:0, instance:Runner.TestRunner@18271936]" started-at="2023-01-07T21:52:18 GMT" name="runScenario" description="Runs Cucumber Scenarios" data-provider="scenarios" finished-at="2023-01-07T21:52:26 GMT" duration-ms="8109" status="FAIL">
          <params>
            <param index="0">
              <value>
                <![CDATA["Register an account with valid details"]]>
              </value>
            </param>
            <param index="1">
              <value>
                <![CDATA["Register for an account i tutorialninja application"]]>
              </value>
            </param>
          </params>
          <exception class="java.lang.AssertionError">
            <message>
              <![CDATA[User has not registered]]>
            </message>
            <full-stacktrace>
              <![CDATA[java.lang.AssertionError: User has not registered
at org.testng.Assert.fail(Assert.java:110)
at Stepdefinitions.Register.user_should_be_able_to_successfully_register(Register.java:82)
at âœ½.User should be able to successfully register(file:///D:/SeleniumJava/Cucumberproject/src/test/java/Features/Register.feature:16)
]]>
            </full-stacktrace>
          </exception> <!-- java.lang.AssertionError -->
          <reporter-output>
          </reporter-output>
        </test-method> <!-- runScenario -->
        <test-method is-config="true" signature="tearDownClass()[pri:0, instance:Runner.TestRunner@18271936]" started-at="2023-01-07T21:52:26 GMT" name="tearDownClass" finished-at="2023-01-07T21:52:26 GMT" duration-ms="92" status="PASS">
          <reporter-output>
          </reporter-output>
        </test-method> <!-- tearDownClass -->
      </class> <!-- Runner.TestRunner -->
    </test> <!-- Default test -->
  </suite> <!-- Default suite -->
</testng-results>
